2024-11-26 01:58:30,465 - Error: a는 처리할 수 없는 연산자입니다.
2024-11-26 01:58:40,231 - Error: a는 처리할 수 없는 연산자입니다.
2024-11-26 01:58:42,271 - Error: a는 처리할 수 없는 연산자입니다.
2024-11-26 01:58:43,205 - Error: a는 처리할 수 없는 연산자입니다.
2024-11-26 02:10:12,842 - Error: a는 처리할 수 없는 연산자입니다.
2024-11-26 02:12:31,738 - Error: a는 처리할 수 없는 연산자입니다.
2024-11-26 02:12:49,774 - Error: 한는 처리할 수 없는 연산자입니다.
2024-11-26 02:13:30,295 - Error: 한는 처리할 수 없는 연산자입니다.
2024-11-26 04:11:36,588 - Error: a는 처리할 수 없는 연산자입니다.
2024-11-26 04:11:40,051 - Error: a는 처리할 수 없는 연산자입니다.
2024-11-26 04:11:54,815 - Error: a는 처리할 수 없는 연산자입니다.
2024-11-26 04:12:39,890 - Error: a는 처리할 수 없는 연산자입니다.
2024-11-26 04:12:44,442 - Error: ㅁ는 처리할 수 없는 연산자입니다.
2024-11-26 04:32:20,144 - Error: ㅁ는 처리할 수 없는 연산자입니다.
2024-11-26 04:32:20,147 - Error: *는 처리할 수 없는 연산자입니다.
2024-11-26 04:33:00,948 - Error: *는 처리할 수 없는 연산자입니다.
2024-11-26 04:33:02,841 - Error: *는 처리할 수 없는 연산자입니다.
2024-11-26 04:33:12,554 - Error: *는 처리할 수 없는 연산자입니다.
2024-11-26 05:20:18,576 ERROR calc - Error: ㅇ는 처리할 수 없는 연산자입니다.
2024-11-26 05:21:18,210 ERROR calc - Error: ㅁ는 처리할 수 없는 연산자입니다.
2024-11-26 05:33:07,504 ERROR calc - Error: 반복된 연산자는 불가능합니다.
2024-11-26 05:33:16,135 ERROR calc - Error: 반복된 연산자는 불가능합니다.
2024-11-26 05:33:18,163 ERROR calc - Error: 반복된 연산자는 불가능합니다.
